0 info it worked if it ends with ok
1 verbose cli [ '/usr/local/bin/node',
1 verbose cli   '/usr/local/bin/npm',
1 verbose cli   'install',
1 verbose cli   '--save',
1 verbose cli   'redux-thunk' ]
2 info using npm@2.14.12
3 info using node@v4.3.1
4 verbose install initial load of /Users/John/Development/HomeGrown/package.json
5 warn package.json homegrown@1.0.0 No README data
6 verbose installManyTop reading scoped package data from /Users/John/Development/HomeGrown/node_modules/babel-core/package.json
7 verbose installManyTop reading scoped package data from /Users/John/Development/HomeGrown/node_modules/babel-loader/package.json
8 verbose installManyTop reading scoped package data from /Users/John/Development/HomeGrown/node_modules/babel-preset-es2015/package.json
9 verbose installManyTop reading scoped package data from /Users/John/Development/HomeGrown/node_modules/babel-preset-react/package.json
10 verbose installManyTop reading scoped package data from /Users/John/Development/HomeGrown/node_modules/firebase/package.json
11 verbose installManyTop reading scoped package data from /Users/John/Development/HomeGrown/node_modules/react/package.json
12 verbose installManyTop reading scoped package data from /Users/John/Development/HomeGrown/node_modules/react-bootstrap/package.json
13 verbose installManyTop reading scoped package data from /Users/John/Development/HomeGrown/node_modules/react-dom/package.json
14 verbose installManyTop reading scoped package data from /Users/John/Development/HomeGrown/node_modules/react-redux/package.json
15 verbose installManyTop reading scoped package data from /Users/John/Development/HomeGrown/node_modules/redux/package.json
16 verbose installManyTop reading scoped package data from /Users/John/Development/HomeGrown/node_modules/redux-form/package.json
17 verbose installManyTop reading scoped package data from /Users/John/Development/HomeGrown/node_modules/redux-promise/package.json
18 verbose installManyTop reading scoped package data from /Users/John/Development/HomeGrown/node_modules/webpack/package.json
19 info package.json firebase@3.5.1 No license field.
20 verbose readDependencies loading dependencies from /Users/John/Development/HomeGrown/package.json
21 silly cache add args [ 'redux-thunk', null ]
22 verbose cache add spec redux-thunk
23 silly cache add parsed spec Result {
23 silly cache add   raw: 'redux-thunk',
23 silly cache add   scope: null,
23 silly cache add   name: 'redux-thunk',
23 silly cache add   rawSpec: '',
23 silly cache add   spec: 'latest',
23 silly cache add   type: 'tag' }
24 silly addNamed redux-thunk@latest
25 verbose addNamed "latest" is being treated as a dist-tag for redux-thunk
26 info addNameTag [ 'redux-thunk', 'latest' ]
27 silly mapToRegistry name redux-thunk
28 silly mapToRegistry using default registry
29 silly mapToRegistry registry https://registry.npmjs.org/
30 silly mapToRegistry uri https://registry.npmjs.org/redux-thunk
31 verbose addNameTag registry:https://registry.npmjs.org/redux-thunk not in flight; fetching
32 verbose request uri https://registry.npmjs.org/redux-thunk
33 verbose request no auth needed
34 info attempt registry request try #1 at 9:09:27 PM
35 verbose request id 2f21c96f3ff9d5c8
36 verbose etag "3C06F93SKVCOSL6CJGD6NXJ47"
37 http request GET https://registry.npmjs.org/redux-thunk
38 http 200 https://registry.npmjs.org/redux-thunk
39 verbose headers { server: 'CouchDB/1.5.0 (Erlang OTP/R16B03)',
39 verbose headers   'content-type': 'application/json',
39 verbose headers   etag: '"58175bfc-5845"',
39 verbose headers   'content-encoding': 'gzip',
39 verbose headers   'cache-control': 'max-age=300',
39 verbose headers   'content-length': '6159',
39 verbose headers   'accept-ranges': 'bytes',
39 verbose headers   date: 'Sun, 13 Nov 2016 02:09:26 GMT',
39 verbose headers   via: '1.1 varnish',
39 verbose headers   age: '245',
39 verbose headers   connection: 'keep-alive',
39 verbose headers   'x-served-by': 'cache-iad2637-IAD',
39 verbose headers   'x-cache': 'HIT',
39 verbose headers   'x-cache-hits': '1',
39 verbose headers   'x-timer': 'S1479002966.790515,VS0,VE0',
39 verbose headers   vary: 'Accept-Encoding' }
40 silly get cb [ 200,
40 silly get   { server: 'CouchDB/1.5.0 (Erlang OTP/R16B03)',
40 silly get     'content-type': 'application/json',
40 silly get     etag: '"58175bfc-5845"',
40 silly get     'content-encoding': 'gzip',
40 silly get     'cache-control': 'max-age=300',
40 silly get     'content-length': '6159',
40 silly get     'accept-ranges': 'bytes',
40 silly get     date: 'Sun, 13 Nov 2016 02:09:26 GMT',
40 silly get     via: '1.1 varnish',
40 silly get     age: '245',
40 silly get     connection: 'keep-alive',
40 silly get     'x-served-by': 'cache-iad2637-IAD',
40 silly get     'x-cache': 'HIT',
40 silly get     'x-cache-hits': '1',
40 silly get     'x-timer': 'S1479002966.790515,VS0,VE0',
40 silly get     vary: 'Accept-Encoding' } ]
41 verbose get saving redux-thunk to /Users/John/.npm/registry.npmjs.org/redux-thunk/.cache.json
42 silly addNameTag next cb for redux-thunk with tag latest
43 silly addNamed redux-thunk@2.1.0
44 verbose addNamed "2.1.0" is a plain semver version for redux-thunk
45 silly mapToRegistry name redux-thunk
46 silly mapToRegistry using default registry
47 silly mapToRegistry registry https://registry.npmjs.org/
48 silly mapToRegistry uri https://registry.npmjs.org/redux-thunk
49 verbose addRemoteTarball https://registry.npmjs.org/redux-thunk/-/redux-thunk-2.1.0.tgz not in flight; adding
50 verbose addRemoteTarball [ 'https://registry.npmjs.org/redux-thunk/-/redux-thunk-2.1.0.tgz',
50 verbose addRemoteTarball   'c724bfee75dbe352da2e3ba9bc14302badd89a98' ]
51 info retry fetch attempt 1 at 9:09:27 PM
52 info attempt registry request try #1 at 9:09:27 PM
53 http fetch GET https://registry.npmjs.org/redux-thunk/-/redux-thunk-2.1.0.tgz
54 http fetch 200 https://registry.npmjs.org/redux-thunk/-/redux-thunk-2.1.0.tgz
55 silly fetchAndShaCheck shasum c724bfee75dbe352da2e3ba9bc14302badd89a98
56 verbose addTmpTarball /var/folders/q9/glj9cg516d9cw5gg69vh8bv00000gn/T/npm-26388-ba5a4a2e/registry.npmjs.org/redux-thunk/-/redux-thunk-2.1.0.tgz not in flight; adding
57 verbose addTmpTarball already have metadata; skipping unpack for redux-thunk@2.1.0
58 silly cache afterAdd redux-thunk@2.1.0
59 verbose afterAdd /Users/John/.npm/redux-thunk/2.1.0/package/package.json not in flight; writing
60 verbose afterAdd /Users/John/.npm/redux-thunk/2.1.0/package/package.json written
61 silly install resolved [ { name: 'redux-thunk',
61 silly install resolved     version: '2.1.0',
61 silly install resolved     description: 'Thunk middleware for Redux.',
61 silly install resolved     main: 'lib/index.js',
61 silly install resolved     'jsnext:main': 'es/index.js',
61 silly install resolved     files: [ 'lib', 'es', 'src', 'dist' ],
61 silly install resolved     scripts:
61 silly install resolved      { clean: 'rimraf lib dist es',
61 silly install resolved        build: 'npm run build:commonjs && npm run build:umd && npm run build:umd:min && npm run build:es',
61 silly install resolved        prepublish: 'npm run clean && npm run test && npm run build',
61 silly install resolved        posttest: 'npm run lint',
61 silly install resolved        lint: 'eslint src test',
61 silly install resolved        test: 'cross-env BABEL_ENV=commonjs mocha --compilers js:babel-core/register --reporter spec test/*.js',
61 silly install resolved        'build:commonjs': 'cross-env BABEL_ENV=commonjs babel src --out-dir lib',
61 silly install resolved        'build:es': 'cross-env BABEL_ENV=es babel src --out-dir es',
61 silly install resolved        'build:umd': 'cross-env BABEL_ENV=commonjs NODE_ENV=development webpack',
61 silly install resolved        'build:umd:min': 'cross-env BABEL_ENV=commonjs NODE_ENV=production webpack' },
61 silly install resolved     repository:
61 silly install resolved      { type: 'git',
61 silly install resolved        url: 'git+https://github.com/gaearon/redux-thunk.git' },
61 silly install resolved     homepage: 'https://github.com/gaearon/redux-thunk',
61 silly install resolved     keywords: [ 'redux', 'thunk', 'middleware', 'redux-middleware', 'flux' ],
61 silly install resolved     author: { name: 'Dan Abramov', email: 'dan.abramov@me.com' },
61 silly install resolved     license: 'MIT',
61 silly install resolved     devDependencies:
61 silly install resolved      { 'babel-cli': '^6.6.5',
61 silly install resolved        'babel-core': '^6.6.5',
61 silly install resolved        'babel-eslint': '^5.0.0-beta4',
61 silly install resolved        'babel-loader': '^6.2.4',
61 silly install resolved        'babel-plugin-check-es2015-constants': '^6.6.5',
61 silly install resolved        'babel-plugin-transform-es2015-arrow-functions': '^6.5.2',
61 silly install resolved        'babel-plugin-transform-es2015-block-scoped-functions': '^6.6.5',
61 silly install resolved        'babel-plugin-transform-es2015-block-scoping': '^6.6.5',
61 silly install resolved        'babel-plugin-transform-es2015-classes': '^6.6.5',
61 silly install resolved        'babel-plugin-transform-es2015-computed-properties': '^6.6.5',
61 silly install resolved        'babel-plugin-transform-es2015-destructuring': '^6.6.5',
61 silly install resolved        'babel-plugin-transform-es2015-for-of': '^6.6.0',
61 silly install resolved        'babel-plugin-transform-es2015-function-name': '^6.5.0',
61 silly install resolved        'babel-plugin-transform-es2015-literals': '^6.5.0',
61 silly install resolved        'babel-plugin-transform-es2015-modules-commonjs': '^6.6.5',
61 silly install resolved        'babel-plugin-transform-es2015-object-super': '^6.6.5',
61 silly install resolved        'babel-plugin-transform-es2015-parameters': '^6.6.5',
61 silly install resolved        'babel-plugin-transform-es2015-shorthand-properties': '^6.5.0',
61 silly install resolved        'babel-plugin-transform-es2015-spread': '^6.6.5',
61 silly install resolved        'babel-plugin-transform-es2015-sticky-regex': '^6.5.0',
61 silly install resolved        'babel-plugin-transform-es2015-template-literals': '^6.6.5',
61 silly install resolved        'babel-plugin-transform-es2015-unicode-regex': '^6.5.0',
61 silly install resolved        'babel-plugin-transform-es3-member-expression-literals': '^6.5.0',
61 silly install resolved        'babel-plugin-transform-es3-property-literals': '^6.5.0',
61 silly install resolved        chai: '^3.2.0',
61 silly install resolved        'cross-env': '^1.0.7',
61 silly install resolved        eslint: '^1.10.2',
61 silly install resolved        'eslint-config-airbnb': '1.0.2',
61 silly install resolved        'eslint-plugin-react': '^4.1.0',
61 silly install resolved        mocha: '^2.2.5',
61 silly install resolved        rimraf: '^2.5.2',
61 silly install resolved        webpack: '^1.12.14' },
61 silly install resolved     gitHead: '7592d43085835959212cda5ae97dab2586f7381f',
61 silly install resolved     bugs: { url: 'https://github.com/gaearon/redux-thunk/issues' },
61 silly install resolved     _id: 'redux-thunk@2.1.0',
61 silly install resolved     _shasum: 'c724bfee75dbe352da2e3ba9bc14302badd89a98',
61 silly install resolved     _from: 'redux-thunk@latest',
61 silly install resolved     _npmVersion: '3.3.12',
61 silly install resolved     _nodeVersion: '5.3.0',
61 silly install resolved     _npmUser: { name: 'gaearon', email: 'dan.abramov@gmail.com' },
61 silly install resolved     dist:
61 silly install resolved      { shasum: 'c724bfee75dbe352da2e3ba9bc14302badd89a98',
61 silly install resolved        tarball: 'https://registry.npmjs.org/redux-thunk/-/redux-thunk-2.1.0.tgz' },
61 silly install resolved     maintainers: [ [Object] ],
61 silly install resolved     _npmOperationalInternal:
61 silly install resolved      { host: 'packages-16-east.internal.npmjs.com',
61 silly install resolved        tmp: 'tmp/redux-thunk-2.1.0.tgz_1462893092551_0.6522019866388291' },
61 silly install resolved     directories: {},
61 silly install resolved     _resolved: 'https://registry.npmjs.org/redux-thunk/-/redux-thunk-2.1.0.tgz' } ]
62 info install redux-thunk@2.1.0 into /Users/John/Development/HomeGrown
63 info installOne redux-thunk@2.1.0
64 verbose installOne of redux-thunk to /Users/John/Development/HomeGrown not in flight; installing
65 verbose lock using /Users/John/.npm/_locks/redux-thunk-db308e74ad21ba9e.lock for /Users/John/Development/HomeGrown/node_modules/redux-thunk
66 silly install write writing redux-thunk 2.1.0 to /Users/John/Development/HomeGrown/node_modules/redux-thunk
67 verbose unbuild node_modules/redux-thunk
68 silly gentlyRm /Users/John/Development/HomeGrown/node_modules/redux-thunk is being purged from base /Users/John/Development/HomeGrown
69 verbose gentlyRm don't care about contents; nuking /Users/John/Development/HomeGrown/node_modules/redux-thunk
70 verbose tar unpack /Users/John/.npm/redux-thunk/2.1.0/package.tgz
71 verbose tar unpacking to /Users/John/Development/HomeGrown/node_modules/redux-thunk
72 silly gentlyRm /Users/John/Development/HomeGrown/node_modules/redux-thunk is being purged
73 verbose gentlyRm don't care about contents; nuking /Users/John/Development/HomeGrown/node_modules/redux-thunk
74 silly gunzTarPerm modes [ '755', '644' ]
75 silly gunzTarPerm extractEntry package.json
76 silly gunzTarPerm extractEntry README.md
77 silly gunzTarPerm extractEntry LICENSE.md
78 silly gunzTarPerm extractEntry es/index.js
79 silly gunzTarPerm extractEntry lib/index.js
80 silly gunzTarPerm extractEntry src/index.js
81 silly gunzTarPerm extractEntry dist/redux-thunk.js
82 silly gunzTarPerm extractEntry dist/redux-thunk.min.js
83 verbose write writing to /Users/John/Development/HomeGrown/node_modules/redux-thunk/package.json
84 info preinstall redux-thunk@2.1.0
85 verbose readDependencies loading dependencies from /Users/John/Development/HomeGrown/node_modules/redux-thunk/package.json
86 verbose readDependencies loading dependencies from /Users/John/Development/HomeGrown/node_modules/redux-thunk/package.json
87 silly install resolved []
88 verbose about to build /Users/John/Development/HomeGrown/node_modules/redux-thunk
89 info build /Users/John/Development/HomeGrown/node_modules/redux-thunk
90 info linkStuff redux-thunk@2.1.0
91 silly linkStuff redux-thunk@2.1.0 has /Users/John/Development/HomeGrown/node_modules as its parent node_modules
92 verbose linkBins redux-thunk@2.1.0
93 verbose linkMans redux-thunk@2.1.0
94 verbose rebuildBundles redux-thunk@2.1.0
95 info install redux-thunk@2.1.0
96 info postinstall redux-thunk@2.1.0
97 verbose unlock done using /Users/John/.npm/_locks/redux-thunk-db308e74ad21ba9e.lock for /Users/John/Development/HomeGrown/node_modules/redux-thunk
98 verbose validateInstall loading /Users/John/Development/HomeGrown/package.json for validation
99 verbose stack Error: The package react@15.0.0 does not satisfy its siblings' peerDependencies requirements!
99 verbose stack     at /usr/local/lib/node_modules/npm/lib/install.js:125:32
99 verbose stack     at /usr/local/lib/node_modules/npm/lib/install.js:268:7
99 verbose stack     at /usr/local/lib/node_modules/npm/node_modules/read-installed/read-installed.js:142:5
99 verbose stack     at /usr/local/lib/node_modules/npm/node_modules/read-installed/read-installed.js:263:14
99 verbose stack     at cb (/usr/local/lib/node_modules/npm/node_modules/slide/lib/async-map.js:47:24)
99 verbose stack     at /usr/local/lib/node_modules/npm/node_modules/read-installed/read-installed.js:263:14
99 verbose stack     at cb (/usr/local/lib/node_modules/npm/node_modules/slide/lib/async-map.js:47:24)
99 verbose stack     at /usr/local/lib/node_modules/npm/node_modules/read-installed/read-installed.js:263:14
99 verbose stack     at cb (/usr/local/lib/node_modules/npm/node_modules/slide/lib/async-map.js:47:24)
99 verbose stack     at /usr/local/lib/node_modules/npm/node_modules/read-installed/read-installed.js:263:14
100 verbose cwd /Users/John/Development/HomeGrown
101 error Darwin 16.0.0
102 error argv "/usr/local/bin/node" "/usr/local/bin/npm" "install" "--save" "redux-thunk"
103 error node v4.3.1
104 error npm  v2.14.12
105 error code EPEERINVALID
106 error peerinvalid The package react@15.0.0 does not satisfy its siblings' peerDependencies requirements!
106 error peerinvalid Peer react-bootstrap@0.30.6 wants react@>=0.14.0
106 error peerinvalid Peer react-dom@0.14.7 wants react@^0.14.7
106 error peerinvalid Peer react-redux@4.4.5 wants react@^0.14.0 || ^15.0.0-0
106 error peerinvalid Peer redux-form@6.2.0 wants react@^15.0.0
107 verbose exit [ 1, true ]
